g:\cpp-projects\lumina\lumina\applications\intermediates\debug-windows-x86_64\editor\toolbarwindow.obj
g:\cpp-projects\lumina\lumina\applications\intermediates\debug-windows-x86_64\editor\editorlayer.obj
g:\cpp-projects\lumina\lumina\applications\intermediates\debug-windows-x86_64\editor\luminaeditor.obj
g:\cpp-projects\lumina\lumina\applications\intermediates\debug-windows-x86_64\editor\entitypropertypanel.obj
g:\cpp-projects\lumina\lumina\applications\intermediates\debug-windows-x86_64\editor\assetpropertypanel.obj
g:\cpp-projects\lumina\lumina\applications\intermediates\debug-windows-x86_64\editor\assetdebugwindow.obj
g:\cpp-projects\lumina\lumina\applications\intermediates\debug-windows-x86_64\editor\contentbrowseritem.obj
g:\cpp-projects\lumina\lumina\applications\intermediates\debug-windows-x86_64\editor\imgui_meshimporter.obj
g:\cpp-projects\lumina\lumina\applications\intermediates\debug-windows-x86_64\editor\imgui_textureimporter.obj
g:\cpp-projects\lumina\lumina\applications\intermediates\debug-windows-x86_64\editor\selectionmanager.obj
g:\cpp-projects\lumina\lumina\applications\intermediates\debug-windows-x86_64\editor\contentbrowserwindow.obj
g:\cpp-projects\lumina\lumina\applications\intermediates\debug-windows-x86_64\editor\entitynode.obj
g:\cpp-projects\lumina\lumina\applications\intermediates\debug-windows-x86_64\editor\imguiwindow.obj
g:\cpp-projects\lumina\lumina\applications\intermediates\debug-windows-x86_64\editor\projectsettingswindow.obj
g:\cpp-projects\lumina\lumina\applications\intermediates\debug-windows-x86_64\editor\consolewindow.obj
g:\cpp-projects\lumina\lumina\applications\intermediates\debug-windows-x86_64\editor\panelmanager.obj
g:\cpp-projects\lumina\lumina\applications\intermediates\debug-windows-x86_64\editor\performancetrackerpanel.obj
g:\cpp-projects\lumina\lumina\applications\intermediates\debug-windows-x86_64\editor\materialeditorpanel.obj
g:\cpp-projects\lumina\lumina\applications\intermediates\debug-windows-x86_64\editor\applicationstats.obj
g:\cpp-projects\lumina\lumina\applications\intermediates\debug-windows-x86_64\editor\newprojectpanel.obj
g:\cpp-projects\lumina\lumina\applications\intermediates\debug-windows-x86_64\editor\openprojectpanel.obj
g:\cpp-projects\lumina\lumina\applications\intermediates\debug-windows-x86_64\editor\editorsettingspanel.obj
g:\cpp-projects\lumina\lumina\applications\intermediates\debug-windows-x86_64\editor\scenesettings.obj
g:\cpp-projects\lumina\lumina\applications\intermediates\debug-windows-x86_64\editor\editorsettings.obj
g:\cpp-projects\lumina\lumina\applications\intermediates\debug-windows-x86_64\editor\sceneoutliner.obj
g:\cpp-projects\lumina\lumina\applications\intermediates\debug-windows-x86_64\editor\viewportlayer.obj
g:\cpp-projects\lumina\lumina\applications\intermediates\debug-windows-x86_64\editor\imguiassetimporter.obj
g:\cpp-projects\lumina\lumina\applications\intermediates\debug-windows-x86_64\editor\imguidrawutils.obj
g:\cpp-projects\lumina\lumina\applications\binaries\debug-windows-x86_64\editor\editor.exe
g:\cpp-projects\lumina\lumina\applications\binaries\debug-windows-x86_64\editor\editor.pdb
g:\cpp-projects\lumina\lumina\applications\binaries\debug-windows-x86_64\editor\editor.lib
g:\cpp-projects\lumina\lumina\applications\binaries\debug-windows-x86_64\editor\editor.exp
g:\cpp-projects\lumina\lumina\applications\intermediates\debug-windows-x86_64\editor\vc143.idb
g:\cpp-projects\lumina\lumina\applications\intermediates\debug-windows-x86_64\editor\vc143.pdb
g:\cpp-projects\lumina\lumina\applications\intermediates\debug-windows-x86_64\editor\editor.tlog\cl.write.1.tlog
g:\cpp-projects\lumina\lumina\applications\intermediates\debug-windows-x86_64\editor\editor.tlog\link.command.1.tlog
g:\cpp-projects\lumina\lumina\applications\intermediates\debug-windows-x86_64\editor\editor.tlog\cl.items.tlog
g:\cpp-projects\lumina\lumina\applications\intermediates\debug-windows-x86_64\editor\editor.tlog\link.read.2.tlog
g:\cpp-projects\lumina\lumina\applications\intermediates\debug-windows-x86_64\editor\editor.tlog\link.write.1.tlog
g:\cpp-projects\lumina\lumina\applications\intermediates\debug-windows-x86_64\editor\editor.tlog\link.secondary.1.tlog
g:\cpp-projects\lumina\lumina\applications\intermediates\debug-windows-x86_64\editor\editor.tlog\cl.read.1.tlog
g:\cpp-projects\lumina\lumina\applications\intermediates\debug-windows-x86_64\editor\editor.tlog\cl.command.1.tlog
