cl : command line  warning D9025: overriding '/W3' with '/W2'
cl : command line  warning D9025: overriding '/W3' with '/W2'
cl : command line  warning D9025: overriding '/W3' with '/W2'
cl : command line  warning D9025: overriding '/W3' with '/W2'
  Sandbox.cpp
  SandboxApp.cpp
  SandboxLayer.cpp
G:\CPP-Projects\Lumina\Lumina\Applications\Sandbox\Source\SandboxApp.h(15,7): error C3668: 'FSandboxApp::OnUpdate': method with override specifier 'override' did not override any base class methods (compiling source file Source\SandboxApp.cpp)
G:\CPP-Projects\Lumina\Lumina\Applications\Sandbox\Source\SandboxApp.h(16,7): error C3668: 'FSandboxApp::OnInit': method with override specifier 'override' did not override any base class methods (compiling source file Source\SandboxApp.cpp)
G:\CPP-Projects\Lumina\Lumina\Applications\Sandbox\Source\SandboxApp.h(15,7): error C3668: 'FSandboxApp::OnUpdate': method with override specifier 'override' did not override any base class methods (compiling source file Source\Sandbox.cpp)
G:\CPP-Projects\Lumina\Lumina\Applications\Sandbox\Source\SandboxApp.h(16,7): error C3668: 'FSandboxApp::OnInit': method with override specifier 'override' did not override any base class methods (compiling source file Source\Sandbox.cpp)
G:\CPP-Projects\Lumina\Lumina\Applications\Sandbox\Source\Sandbox.cpp(12,24): error C2259: 'FSandboxApp': cannot instantiate abstract class
G:\CPP-Projects\Lumina\Lumina\Applications\Sandbox\Source\SandboxApp.h(6,7): message : see declaration of 'FSandboxApp'
G:\CPP-Projects\Lumina\Lumina\Applications\Sandbox\Source\Sandbox.cpp(12,24): message : due to following members:
G:\CPP-Projects\Lumina\Lumina\Applications\Sandbox\Source\Sandbox.cpp(12,24): message : 'void Lumina::FApplication::CreateEngine(void)': is abstract
G:\CPP-Projects\Lumina\Lumina\Engine\Source\Runtime\Core\Application\Application.h(71,16): message : see declaration of 'Lumina::FApplication::CreateEngine'
G:\CPP-Projects\Lumina\Lumina\Applications\Sandbox\Source\Sandbox.cpp(12,24): message : 'void Lumina::FApplication::ApplicationLoop(void)': is abstract
G:\CPP-Projects\Lumina\Lumina\Engine\Source\Runtime\Core\Application\Application.h(72,16): message : see declaration of 'Lumina::FApplication::ApplicationLoop'
G:\CPP-Projects\Lumina\Lumina\Applications\Sandbox\Source\Sandbox.cpp(12,24): message : 'bool Lumina::FApplication::Initialize(void)': is abstract
G:\CPP-Projects\Lumina\Lumina\Engine\Source\Runtime\Core\Application\Application.h(74,16): message : see declaration of 'Lumina::FApplication::Initialize'
G:\CPP-Projects\Lumina\Lumina\Applications\Sandbox\Source\Sandbox.cpp(12,24): message : 'void Lumina::FApplication::Shutdown(void)': is abstract
G:\CPP-Projects\Lumina\Lumina\Engine\Source\Runtime\Core\Application\Application.h(75,16): message : see declaration of 'Lumina::FApplication::Shutdown'
G:\CPP-Projects\Lumina\Lumina\Applications\Sandbox\Source\SandboxApp.cpp(14,16): error C2039: 'OnInit': is not a member of 'Lumina::FApplication'
G:\CPP-Projects\Lumina\Lumina\Engine\Source\Runtime\Core\Application\Application.h(60,8): message : see declaration of 'Lumina::FApplication'
